{"uuid":"6850eacd-819f-48f1-8677-bb0660e475c0","historyId":"f2f6ccaaef0efc31c60016e0d9806f1f","testCaseId":"[engine:junit-jupiter]/[class:ilya.lesnikov.ui.tests.CreateBuildConfigurationTests]/[method:creatingBuildConfigurationWithAllValidFields()]","testCaseName":"Создания билд конфигурации со всеми валидными полями","fullName":"ilya.lesnikov.ui.tests.CreateBuildConfigurationTests.creatingBuildConfigurationWithAllValidFields","labels":[{"name":"tag","value":"smoke"},{"name":"tag","value":"positive"},{"name":"tag","value":"regression"},{"name":"junit.platform.uniqueid","value":"[engine:junit-jupiter]/[class:ilya.lesnikov.ui.tests.CreateBuildConfigurationTests]/[method:creatingBuildConfigurationWithAllValidFields()]"},{"name":"host","value":"amn112631"},{"name":"thread","value":"540@amn112631.main(1)"},{"name":"framework","value":"junit-platform"},{"name":"language","value":"java"},{"name":"package","value":"ilya.lesnikov.ui.tests.CreateBuildConfigurationTests"},{"name":"testClass","value":"ilya.lesnikov.ui.tests.CreateBuildConfigurationTests"},{"name":"testMethod","value":"creatingBuildConfigurationWithAllValidFields"},{"name":"suite","value":"Тесты на создания билд конфигурации"}],"links":[],"name":"Создания билд конфигурации со всеми валидными полями","status":"failed","statusDetails":{"known":false,"muted":false,"flaky":false,"message":"Element not found {[class*='BuildTypeLine__buildTypeName'].snapshot(1 elements)[0]/[class*='BuildTypeLine__buildTypeName']}\r\nExpected: exact text \"test_gqJgpbdGhN\"\r\nScreenshot: file:/C:/MyPetProjects/NoBugsWabFramework/Teamcity/build/reports/tests/1731522745441.0.png\r\nPage source: file:/C:/MyPetProjects/NoBugsWabFramework/Teamcity/build/reports/tests/1731522745441.0.html\r\nTimeout: 4 s.\r\nCaused by: NoSuchElementException: no such element: Unable to locate element: {\"method\":\"css selector\",\"selector\":\"[class*='BuildTypeLine__buildTypeName']\"}","trace":"Element not found {[class*='BuildTypeLine__buildTypeName'].snapshot(1 elements)[0]/[class*='BuildTypeLine__buildTypeName']}\r\nExpected: exact text \"test_gqJgpbdGhN\"\r\nScreenshot: file:/C:/MyPetProjects/NoBugsWabFramework/Teamcity/build/reports/tests/1731522745441.0.png\r\nPage source: file:/C:/MyPetProjects/NoBugsWabFramework/Teamcity/build/reports/tests/1731522745441.0.html\r\nTimeout: 4 s.\r\nCaused by: NoSuchElementException: no such element: Unable to locate element: {\"method\":\"css selector\",\"selector\":\"[class*='BuildTypeLine__buildTypeName']\"}\r\n\tat com.codeborne.selenide.impl.WebElementSource.createElementNotFoundError(WebElementSource.java:90)\r\n\tat com.codeborne.selenide.impl.ElementFinder.createElementNotFoundError(ElementFinder.java:142)\r\n\tat com.codeborne.selenide.impl.WebElementSource.handleError(WebElementSource.java:142)\r\n\tat com.codeborne.selenide.impl.WebElementSource.checkConditionAndReturnElement(WebElementSource.java:126)\r\n\tat com.codeborne.selenide.impl.WebElementSource.checkCondition(WebElementSource.java:103)\r\n\tat com.codeborne.selenide.commands.Should.execute(Should.java:30)\r\n\tat com.codeborne.selenide.commands.Should.execute(Should.java:14)\r\n\tat com.codeborne.selenide.commands.Commands.execute(Commands.java:162)\r\n\tat com.codeborne.selenide.impl.SelenideElementProxy.dispatchAndRetry(SelenideElementProxy.java:134)\r\n\tat com.codeborne.selenide.impl.SelenideElementProxy.invoke(SelenideElementProxy.java:86)\r\n\tat jdk.proxy2/jdk.proxy2.$Proxy42.shouldHave(Unknown Source)\r\n\tat ilya.lesnikov.ui.tests.CreateBuildConfigurationTests.creatingBuildConfigurationWithAllValidFields(CreateBuildConfigurationTests.java:40)\r\n\tat java.base/java.lang.reflect.Method.invoke(Method.java:568)\r\n\tat java.base/java.util.ArrayList.forEach(ArrayList.java:1511)\r\n\tat java.base/java.util.ArrayList.forEach(ArrayList.java:1511)\r\nCaused by: org.openqa.selenium.NoSuchElementException: no such element: Unable to locate element: {\"method\":\"css selector\",\"selector\":\"[class*='BuildTypeLine__buildTypeName']\"}\n  (Session info: chrome=91.0.4472.106)\nFor documentation on this error, please visit: https://www.selenium.dev/documentation/webdriver/troubleshooting/errors#no-such-element-exception\nBuild info: version: '4.24.0', revision: '748ffc9bc3'\nSystem info: os.name: 'Windows 10', os.arch: 'amd64', os.version: '10.0', java.version: '17.0.12'\nDriver info: org.openqa.selenium.remote.RemoteWebDriver\nCommand: [69bd67ea39770b16529f5f66695b3fe3, findChildElement {value=[class*='BuildTypeLine__buildTypeName'], id=5b1c2db1-3487-4576-9896-58e27f8322f4, using=css selector}]\nCapabilities {acceptInsecureCerts: true, browserName: chrome, browserVersion: 91.0.4472.106, chrome: {chromedriverVersion: 91.0.4472.101 (af52a90bf870..., userDataDir: /tmp/.com.google.Chrome.IFqfc0}, goog:chromeOptions: {debuggerAddress: localhost:33253}, networkConnectionEnabled: false, pageLoadStrategy: normal, platformName: linux, proxy: Proxy(), se:cdp: ws://localhost:4444/devtool..., se:cdpVersion: 91.0.4472.106, setWindowRect: true, strictFileInteractability: false, timeouts: {implicit: 0, pageLoad: 300000, script: 30000}, unhandledPromptBehavior: accept, webauthn:extension:largeBlob: true, webauthn:virtualAuthenticators: true}\nSession ID: 69bd67ea39770b16529f5f66695b3fe3\r\n\tat jdk.internal.reflect.GeneratedConstructorAccessor24.newInstance(Unknown Source)\r\n\tat java.base/jdk.internal.reflect.DelegatingConstructorAccessorImpl.newInstance(DelegatingConstructorAccessorImpl.java:45)\r\n\tat java.base/java.lang.reflect.Constructor.newInstanceWithCaller(Constructor.java:499)\r\n\tat java.base/java.lang.reflect.Constructor.newInstance(Constructor.java:480)\r\n\tat org.openqa.selenium.remote.ErrorCodec.decode(ErrorCodec.java:167)\r\n\tat org.openqa.selenium.remote.codec.w3c.W3CHttpResponseCodec.decode(W3CHttpResponseCodec.java:138)\r\n\tat org.openqa.selenium.remote.codec.w3c.W3CHttpResponseCodec.decode(W3CHttpResponseCodec.java:50)\r\n\tat org.openqa.selenium.remote.HttpCommandExecutor.execute(HttpCommandExecutor.java:190)\r\n\tat org.openqa.selenium.remote.RemoteWebDriver.execute(RemoteWebDriver.java:545)\r\n\tat org.openqa.selenium.remote.ElementLocation$ElementFinder$2.findElement(ElementLocation.java:165)\r\n\tat org.openqa.selenium.remote.ElementLocation.findElement(ElementLocation.java:59)\r\n\tat org.openqa.selenium.remote.RemoteWebDriver.findElement(RemoteWebDriver.java:368)\r\n\tat org.openqa.selenium.remote.RemoteWebElement.findElement(RemoteWebElement.java:211)\r\n\tat com.codeborne.selenide.impl.WebElementSelector.findElement(WebElementSelector.java:73)\r\n\tat com.codeborne.selenide.impl.WebElementSelector.findElement(WebElementSelector.java:46)\r\n\tat com.codeborne.selenide.impl.WebElementSelector.findElement(WebElementSelector.java:35)\r\n\tat com.codeborne.selenide.impl.ElementFinder.getWebElement(ElementFinder.java:122)\r\n\tat com.codeborne.selenide.impl.WebElementSource.checkConditionAndReturnElement(WebElementSource.java:115)\r\n\t... 11 more\r\n"},"stage":"finished","description":"","steps":[],"attachments":[],"parameters":[],"start":1731522723603,"stop":1731522745929}