{"uuid":"7656818c-633e-4a72-bfa6-effc58e808b7","historyId":"d588b05855a1c296d1cf04ea9d3a906e","testCaseId":"[engine:junit-jupiter]/[class:ilya.lesnikov.ui.tests.CreateProjectTests]/[method:userCreateProjectTest()]","testCaseName":"Создание проекта пользователем","fullName":"ilya.lesnikov.ui.tests.CreateProjectTests.userCreateProjectTest","labels":[{"name":"tag","value":"positive"},{"name":"tag","value":"smoke"},{"name":"tag","value":"regress"},{"name":"junit.platform.uniqueid","value":"[engine:junit-jupiter]/[class:ilya.lesnikov.ui.tests.CreateProjectTests]/[method:userCreateProjectTest()]"},{"name":"host","value":"amn112631"},{"name":"thread","value":"9732@amn112631.main(1)"},{"name":"framework","value":"junit-platform"},{"name":"language","value":"java"},{"name":"package","value":"ilya.lesnikov.ui.tests.CreateProjectTests"},{"name":"testClass","value":"ilya.lesnikov.ui.tests.CreateProjectTests"},{"name":"testMethod","value":"userCreateProjectTest"},{"name":"suite","value":"Проверки компонента создания проекта"}],"links":[],"name":"Создание проекта пользователем","status":"broken","statusDetails":{"known":false,"muted":false,"flaky":false,"message":"Failed to create new instance of class ilya.lesnikov.ui.pages.ProjectsPage","trace":"com.codeborne.selenide.ex.PageObjectException: Failed to create new instance of class ilya.lesnikov.ui.pages.ProjectsPage\r\n\tat com.codeborne.selenide.impl.SelenidePageFactory.page(SelenidePageFactory.java:53)\r\n\tat com.codeborne.selenide.SelenideDriver.page(SelenideDriver.java:148)\r\n\tat com.codeborne.selenide.SelenideDriver.open(SelenideDriver.java:117)\r\n\tat com.codeborne.selenide.Selenide.open(Selenide.java:165)\r\n\tat ilya.lesnikov.ui.pages.ProjectsPage.open(ProjectsPage.java:19)\r\n\tat ilya.lesnikov.ui.tests.CreateProjectTests.userCreateProjectTest(CreateProjectTests.java:32)\r\n\tat java.base/java.lang.reflect.Method.invoke(Method.java:568)\r\n\tat java.base/java.util.ArrayList.forEach(ArrayList.java:1511)\r\n\tat java.base/java.util.ArrayList.forEach(ArrayList.java:1511)\r\nCaused by: java.lang.reflect.InvocationTargetException\r\n\tat java.base/jdk.internal.reflect.NativeConstructorAccessorImpl.newInstance0(Native Method)\r\n\tat java.base/jdk.internal.reflect.NativeConstructorAccessorImpl.newInstance(NativeConstructorAccessorImpl.java:77)\r\n\tat java.base/jdk.internal.reflect.DelegatingConstructorAccessorImpl.newInstance(DelegatingConstructorAccessorImpl.java:45)\r\n\tat java.base/java.lang.reflect.Constructor.newInstanceWithCaller(Constructor.java:499)\r\n\tat java.base/java.lang.reflect.Constructor.newInstance(Constructor.java:480)\r\n\tat com.codeborne.selenide.impl.SelenidePageFactory.page(SelenidePageFactory.java:50)\r\n\t... 8 more\r\nCaused by: Element not found {.MainPanel__router--gf > div}\r\nExpected: visible\r\nScreenshot: file:/C:/MyPetProjects/NoBugsWabFramework/Teamcity/build/reports/tests/1731256962855.0.png\r\nPage source: file:/C:/MyPetProjects/NoBugsWabFramework/Teamcity/build/reports/tests/1731256962855.0.html\r\nTimeout: 4 s.\r\nCaused by: NoSuchElementException: no such element: Unable to locate element: {\"method\":\"css selector\",\"selector\":\".MainPanel__router--gf > div\"}\r\n\tat com.codeborne.selenide.impl.WebElementSource.createElementNotFoundError(WebElementSource.java:90)\r\n\tat com.codeborne.selenide.impl.ElementFinder.createElementNotFoundError(ElementFinder.java:142)\r\n\tat com.codeborne.selenide.impl.WebElementSource.handleError(WebElementSource.java:142)\r\n\tat com.codeborne.selenide.impl.WebElementSource.checkConditionAndReturnElement(WebElementSource.java:126)\r\n\tat com.codeborne.selenide.impl.WebElementSource.checkCondition(WebElementSource.java:103)\r\n\tat com.codeborne.selenide.commands.Should.execute(Should.java:30)\r\n\tat com.codeborne.selenide.commands.Should.execute(Should.java:14)\r\n\tat com.codeborne.selenide.commands.Commands.execute(Commands.java:162)\r\n\tat com.codeborne.selenide.impl.SelenideElementProxy.dispatchAndRetry(SelenideElementProxy.java:134)\r\n\tat com.codeborne.selenide.impl.SelenideElementProxy.invoke(SelenideElementProxy.java:86)\r\n\tat jdk.proxy2/jdk.proxy2.$Proxy42.shouldBe(Unknown Source)\r\n\tat ilya.lesnikov.ui.pages.ProjectsPage.<init>(ProjectsPage.java:23)\r\n\t... 14 more\r\nCaused by: org.openqa.selenium.NoSuchElementException: no such element: Unable to locate element: {\"method\":\"css selector\",\"selector\":\".MainPanel__router--gf > div\"}\n  (Session info: chrome=91.0.4472.106)\nFor documentation on this error, please visit: https://www.selenium.dev/documentation/webdriver/troubleshooting/errors#no-such-element-exception\nBuild info: version: '4.24.0', revision: '748ffc9bc3'\nSystem info: os.name: 'Windows 10', os.arch: 'amd64', os.version: '10.0', java.version: '17.0.12'\nDriver info: org.openqa.selenium.remote.RemoteWebDriver\nCommand: [3af0c4ef5245c51a00d9577bc6572363, findElement {using=css selector, value=.MainPanel__router--gf > div}]\nCapabilities {acceptInsecureCerts: true, browserName: chrome, browserVersion: 91.0.4472.106, chrome: {chromedriverVersion: 91.0.4472.101 (af52a90bf870..., userDataDir: /tmp/.com.google.Chrome.47IPWL}, goog:chromeOptions: {debuggerAddress: localhost:38263}, networkConnectionEnabled: false, pageLoadStrategy: normal, platformName: linux, proxy: Proxy(), se:cdp: ws://localhost:4444/devtool..., se:cdpVersion: 91.0.4472.106, setWindowRect: true, strictFileInteractability: false, timeouts: {implicit: 0, pageLoad: 300000, script: 30000}, unhandledPromptBehavior: accept, webauthn:extension:largeBlob: true, webauthn:virtualAuthenticators: true}\nSession ID: 3af0c4ef5245c51a00d9577bc6572363\r\n\tat jdk.internal.reflect.GeneratedConstructorAccessor20.newInstance(Unknown Source)\r\n\tat java.base/jdk.internal.reflect.DelegatingConstructorAccessorImpl.newInstance(DelegatingConstructorAccessorImpl.java:45)\r\n\tat java.base/java.lang.reflect.Constructor.newInstanceWithCaller(Constructor.java:499)\r\n\tat java.base/java.lang.reflect.Constructor.newInstance(Constructor.java:480)\r\n\tat org.openqa.selenium.remote.ErrorCodec.decode(ErrorCodec.java:167)\r\n\tat org.openqa.selenium.remote.codec.w3c.W3CHttpResponseCodec.decode(W3CHttpResponseCodec.java:138)\r\n\tat org.openqa.selenium.remote.codec.w3c.W3CHttpResponseCodec.decode(W3CHttpResponseCodec.java:50)\r\n\tat org.openqa.selenium.remote.HttpCommandExecutor.execute(HttpCommandExecutor.java:190)\r\n\tat org.openqa.selenium.remote.RemoteWebDriver.execute(RemoteWebDriver.java:545)\r\n\tat org.openqa.selenium.remote.ElementLocation$ElementFinder$2.findElement(ElementLocation.java:165)\r\n\tat org.openqa.selenium.remote.ElementLocation.findElement(ElementLocation.java:59)\r\n\tat org.openqa.selenium.remote.RemoteWebDriver.findElement(RemoteWebDriver.java:368)\r\n\tat org.openqa.selenium.remote.RemoteWebDriver.findElement(RemoteWebDriver.java:362)\r\n\tat com.codeborne.selenide.impl.WebElementSelector.findElement(WebElementSelector.java:73)\r\n\tat com.codeborne.selenide.impl.WebElementSelector.findElement(WebElementSelector.java:46)\r\n\tat com.codeborne.selenide.impl.WebElementSelector.findElement(WebElementSelector.java:35)\r\n\tat com.codeborne.selenide.impl.ElementFinder.getWebElement(ElementFinder.java:122)\r\n\tat com.codeborne.selenide.impl.WebElementSource.checkConditionAndReturnElement(WebElementSource.java:115)\r\n\t... 22 more\r\n"},"stage":"finished","description":"","steps":[],"attachments":[],"parameters":[],"start":1731256944426,"stop":1731256963355}